d:\cocos2d-x\cocos2d-x-2.2.2\projects\hshooting\proj.win32\debug.win32\vc120.pdb
d:\cocos2d-x\cocos2d-x-2.2.2\projects\hshooting\proj.win32\debug.win32\vc120.idb
d:\cocos2d-x\cocos2d-x-2.2.2\projects\hshooting\proj.win32\debug.win32\appdelegate.obj
d:\cocos2d-x\cocos2d-x-2.2.2\projects\hshooting\proj.win32\debug.win32\helloworldscene.obj
d:\cocos2d-x\cocos2d-x-2.2.2\projects\hshooting\proj.win32\debug.win32\main.obj
d:\cocos2d-x\cocos2d-x-2.2.2\projects\hshooting\proj.win32\debug.win32\beganscene.obj
d:\cocos2d-x\cocos2d-x-2.2.2\projects\hshooting\proj.win32\debug.win32\hshooting.ilk
d:\cocos2d-x\cocos2d-x-2.2.2\projects\hshooting\proj.win32\debug.win32\hshooting.exe
d:\cocos2d-x\cocos2d-x-2.2.2\projects\hshooting\proj.win32\debug.win32\hshooting.pdb
d:\cocos2d-x\cocos2d-x-2.2.2\projects\hshooting\proj.win32\debug.win32\libcocos2d.exp
d:\cocos2d-x\cocos2d-x-2.2.2\projects\hshooting\proj.win32\debug.win32\libcocosdenshion.exp
d:\cocos2d-x\cocos2d-x-2.2.2\projects\hshooting\proj.win32\debug.win32\libcocos2d.pdb
d:\cocos2d-x\cocos2d-x-2.2.2\projects\hshooting\proj.win32\debug.win32\libcocosdenshion.pdb
d:\cocos2d-x\cocos2d-x-2.2.2\projects\hshooting\proj.win32\debug.win32\hshooting.tlog\cl.command.1.tlog
d:\cocos2d-x\cocos2d-x-2.2.2\projects\hshooting\proj.win32\debug.win32\hshooting.tlog\cl.read.1.tlog
d:\cocos2d-x\cocos2d-x-2.2.2\projects\hshooting\proj.win32\debug.win32\hshooting.tlog\cl.write.1.tlog
d:\cocos2d-x\cocos2d-x-2.2.2\projects\hshooting\proj.win32\debug.win32\hshooting.tlog\link.5016-cvtres.read.1.tlog
d:\cocos2d-x\cocos2d-x-2.2.2\projects\hshooting\proj.win32\debug.win32\hshooting.tlog\link.5016-cvtres.write.1.tlog
d:\cocos2d-x\cocos2d-x-2.2.2\projects\hshooting\proj.win32\debug.win32\hshooting.tlog\link.5016-rc.read.1.tlog
d:\cocos2d-x\cocos2d-x-2.2.2\projects\hshooting\proj.win32\debug.win32\hshooting.tlog\link.5016-rc.write.1.tlog
d:\cocos2d-x\cocos2d-x-2.2.2\projects\hshooting\proj.win32\debug.win32\hshooting.tlog\link.5016.read.1.tlog
d:\cocos2d-x\cocos2d-x-2.2.2\projects\hshooting\proj.win32\debug.win32\hshooting.tlog\link.5016.write.1.tlog
d:\cocos2d-x\cocos2d-x-2.2.2\projects\hshooting\proj.win32\debug.win32\hshooting.tlog\link.command.1.tlog
d:\cocos2d-x\cocos2d-x-2.2.2\projects\hshooting\proj.win32\debug.win32\hshooting.tlog\link.read.1.tlog
d:\cocos2d-x\cocos2d-x-2.2.2\projects\hshooting\proj.win32\debug.win32\hshooting.tlog\link.write.1.tlog
